app/build/intermediates/manifest_merge_blame_file/integrationDebug/manifest-merger-blame-integration-debug-report.txt
1<?xml version="1.0" encoding="utf-8"?>
2<manifest xmlns:android="http://schemas.android.com/apk/res/android"
3    package="id.rifqipadisiliwangi.themealidbapp"
4    android:versionCode="1"
5    android:versionName="1.0" >
6
7    <uses-sdk
8        android:minSdkVersion="24"
9        android:targetSdkVersion="34" />
10
11    <uses-permission android:name="android.permission.INTERNET" />
11-->src\main\AndroidManifest.xml:5:5-67
11-->src\main\AndroidManifest.xml:5:22-64
12
13    <queries>
13-->[com.github.chuckerteam.chucker:library:4.0.0] AndroidManifest.xml:7:5-13:15
14        <intent>
14-->[com.github.chuckerteam.chucker:library:4.0.0] AndroidManifest.xml:8:9-12:18
15            <action android:name="android.intent.action.CREATE_DOCUMENT" />
15-->[com.github.chuckerteam.chucker:library:4.0.0] AndroidManifest.xml:9:13-76
15-->[com.github.chuckerteam.chucker:library:4.0.0] AndroidManifest.xml:9:21-73
16
17            <data android:mimeType="*/*" />
17-->[com.github.chuckerteam.chucker:library:4.0.0] AndroidManifest.xml:11:13-44
17-->[com.github.chuckerteam.chucker:library:4.0.0] AndroidManifest.xml:11:19-41
18        </intent>
19    </queries>
20
21    <uses-permission
21-->[com.github.chuckerteam.chucker:library:4.0.0] AndroidManifest.xml:15:5-17:38
22        android:name="android.permission.WAKE_LOCK"
22-->[com.github.chuckerteam.chucker:library:4.0.0] AndroidManifest.xml:16:9-52
23        android:maxSdkVersion="25" />
23-->[com.github.chuckerteam.chucker:library:4.0.0] AndroidManifest.xml:17:9-35
24    <uses-permission android:name="android.permission.POST_NOTIFICATIONS" />
24-->[com.github.chuckerteam.chucker:library:4.0.0] AndroidManifest.xml:18:5-77
24-->[com.github.chuckerteam.chucker:library:4.0.0] AndroidManifest.xml:18:22-74
25
26    <permission
26-->[androidx.core:core:1.9.0] AndroidManifest.xml:22:5-24:47
27        android:name="id.rifqipadisiliwangi.themealidbapp.DYNAMIC_RECEIVER_NOT_EXPORTED_PERMISSION"
27-->[androidx.core:core:1.9.0] AndroidManifest.xml:23:9-81
28        android:protectionLevel="signature" />
28-->[androidx.core:core:1.9.0] AndroidManifest.xml:24:9-44
29
30    <uses-permission android:name="id.rifqipadisiliwangi.themealidbapp.DYNAMIC_RECEIVER_NOT_EXPORTED_PERMISSION" />
30-->[androidx.core:core:1.9.0] AndroidManifest.xml:26:5-97
30-->[androidx.core:core:1.9.0] AndroidManifest.xml:26:22-94
31    <uses-permission android:name="android.permission.ACCESS_NETWORK_STATE" />
31-->[com.pierfrancescosoffritti.androidyoutubeplayer:core:12.1.0] AndroidManifest.xml:8:5-79
31-->[com.pierfrancescosoffritti.androidyoutubeplayer:core:12.1.0] AndroidManifest.xml:8:22-76
32
33    <application
33-->src\main\AndroidManifest.xml:7:5-43:19
34        android:name="id.rifqipadisiliwangi.themealidbapp.App"
34-->src\main\AndroidManifest.xml:8:9-28
35        android:allowBackup="true"
35-->src\main\AndroidManifest.xml:9:9-35
36        android:appComponentFactory="androidx.core.app.CoreComponentFactory"
36-->[androidx.core:core:1.9.0] AndroidManifest.xml:28:18-86
37        android:dataExtractionRules="@xml/data_extraction_rules"
37-->src\main\AndroidManifest.xml:10:9-65
38        android:debuggable="true"
39        android:extractNativeLibs="false"
40        android:fullBackupContent="@xml/backup_rules"
40-->src\main\AndroidManifest.xml:11:9-54
41        android:icon="@mipmap/ic_launcher"
41-->src\main\AndroidManifest.xml:12:9-43
42        android:label="@string/app_name"
42-->src\main\AndroidManifest.xml:13:9-41
43        android:roundIcon="@mipmap/ic_launcher_round"
43-->src\main\AndroidManifest.xml:14:9-54
44        android:supportsRtl="true"
44-->src\main\AndroidManifest.xml:15:9-35
45        android:testOnly="true"
46        android:theme="@style/Theme.TheMealIDBApp"
46-->src\main\AndroidManifest.xml:16:9-51
47        android:usesCleartextTraffic="true" >
47-->src\main\AndroidManifest.xml:17:9-44
48        <activity
48-->src\main\AndroidManifest.xml:19:9-21:40
49            android:name="id.rifqipadisiliwangi.themealidbapp.presentation.feature.bookmark.BookmarkActivity"
49-->src\main\AndroidManifest.xml:20:13-75
50            android:exported="false" />
50-->src\main\AndroidManifest.xml:21:13-37
51        <activity
51-->src\main\AndroidManifest.xml:22:9-30:20
52            android:name="id.rifqipadisiliwangi.themealidbapp.presentation.feature.splash.SplashActivity"
52-->src\main\AndroidManifest.xml:23:13-71
53            android:exported="true" >
53-->src\main\AndroidManifest.xml:24:13-36
54            <intent-filter>
54-->src\main\AndroidManifest.xml:25:13-29:29
55                <action android:name="android.intent.action.MAIN" />
55-->src\main\AndroidManifest.xml:26:17-69
55-->src\main\AndroidManifest.xml:26:25-66
56
57                <category android:name="android.intent.category.LAUNCHER" />
57-->src\main\AndroidManifest.xml:28:17-77
57-->src\main\AndroidManifest.xml:28:27-74
58            </intent-filter>
59        </activity>
60        <activity
60-->src\main\AndroidManifest.xml:31:9-36:48
61            android:name="id.rifqipadisiliwangi.themealidbapp.presentation.feature.detail.DetailMealsActivity"
61-->src\main\AndroidManifest.xml:32:13-76
62            android:configChanges="orientation|screenSize|keyboardHidden|smallestScreenSize|screenLayout"
62-->src\main\AndroidManifest.xml:33:13-106
63            android:exported="false"
63-->src\main\AndroidManifest.xml:34:13-37
64            android:hardwareAccelerated="true"
64-->src\main\AndroidManifest.xml:35:13-47
65            android:label="@string/app_name" />
65-->src\main\AndroidManifest.xml:36:13-45
66        <activity
66-->src\main\AndroidManifest.xml:37:9-39:39
67            android:name="id.rifqipadisiliwangi.themealidbapp.presentation.feature.dashboard.DashboardActivity"
67-->src\main\AndroidManifest.xml:38:13-77
68            android:exported="true" />
68-->src\main\AndroidManifest.xml:39:13-36
69        <activity
69-->src\main\AndroidManifest.xml:40:9-42:39
70            android:name="id.rifqipadisiliwangi.themealidbapp.MainActivity"
70-->src\main\AndroidManifest.xml:41:13-41
71            android:exported="true" />
71-->src\main\AndroidManifest.xml:42:13-36
72        <activity
72-->[com.github.chuckerteam.chucker:library:4.0.0] AndroidManifest.xml:21:9-26:52
73            android:name="com.chuckerteam.chucker.internal.ui.MainActivity"
73-->[com.github.chuckerteam.chucker:library:4.0.0] AndroidManifest.xml:22:13-76
74            android:label="@string/chucker_name"
74-->[com.github.chuckerteam.chucker:library:4.0.0] AndroidManifest.xml:23:13-49
75            android:launchMode="singleTask"
75-->[com.github.chuckerteam.chucker:library:4.0.0] AndroidManifest.xml:24:13-44
76            android:taskAffinity="com.chuckerteam.chucker.task"
76-->[com.github.chuckerteam.chucker:library:4.0.0] AndroidManifest.xml:25:13-64
77            android:theme="@style/Chucker.Theme" />
77-->[com.github.chuckerteam.chucker:library:4.0.0] AndroidManifest.xml:26:13-49
78        <activity
78-->[com.github.chuckerteam.chucker:library:4.0.0] AndroidManifest.xml:27:9-30:52
79            android:name="com.chuckerteam.chucker.internal.ui.transaction.TransactionActivity"
79-->[com.github.chuckerteam.chucker:library:4.0.0] AndroidManifest.xml:28:13-95
80            android:parentActivityName="com.chuckerteam.chucker.internal.ui.MainActivity"
80-->[com.github.chuckerteam.chucker:library:4.0.0] AndroidManifest.xml:29:13-90
81            android:theme="@style/Chucker.Theme" />
81-->[com.github.chuckerteam.chucker:library:4.0.0] AndroidManifest.xml:30:13-49
82
83        <service
83-->[com.github.chuckerteam.chucker:library:4.0.0] AndroidManifest.xml:32:9-35:72
84            android:name="com.chuckerteam.chucker.internal.support.ClearDatabaseService"
84-->[com.github.chuckerteam.chucker:library:4.0.0] AndroidManifest.xml:33:13-89
85            android:exported="false"
85-->[com.github.chuckerteam.chucker:library:4.0.0] AndroidManifest.xml:34:13-37
86            android:permission="android.permission.BIND_JOB_SERVICE" />
86-->[com.github.chuckerteam.chucker:library:4.0.0] AndroidManifest.xml:35:13-69
87
88        <receiver
88-->[com.github.chuckerteam.chucker:library:4.0.0] AndroidManifest.xml:37:9-39:40
89            android:name="com.chuckerteam.chucker.internal.support.ClearDatabaseJobIntentServiceReceiver"
89-->[com.github.chuckerteam.chucker:library:4.0.0] AndroidManifest.xml:38:13-106
90            android:exported="false" />
90-->[com.github.chuckerteam.chucker:library:4.0.0] AndroidManifest.xml:39:13-37
91
92        <provider
92-->[com.github.chuckerteam.chucker:library:4.0.0] AndroidManifest.xml:41:9-49:20
93            android:name="com.chuckerteam.chucker.internal.support.ChuckerFileProvider"
93-->[com.github.chuckerteam.chucker:library:4.0.0] AndroidManifest.xml:42:13-88
94            android:authorities="id.rifqipadisiliwangi.themealidbapp.com.chuckerteam.chucker.provider"
94-->[com.github.chuckerteam.chucker:library:4.0.0] AndroidManifest.xml:43:13-84
95            android:exported="false"
95-->[com.github.chuckerteam.chucker:library:4.0.0] AndroidManifest.xml:44:13-37
96            android:grantUriPermissions="true" >
96-->[com.github.chuckerteam.chucker:library:4.0.0] AndroidManifest.xml:45:13-47
97            <meta-data
97-->[com.github.chuckerteam.chucker:library:4.0.0] AndroidManifest.xml:46:13-48:66
98                android:name="android.support.FILE_PROVIDER_PATHS"
98-->[com.github.chuckerteam.chucker:library:4.0.0] AndroidManifest.xml:47:17-67
99                android:resource="@xml/chucker_provider_paths" />
99-->[com.github.chuckerteam.chucker:library:4.0.0] AndroidManifest.xml:48:17-63
100        </provider>
101        <provider
101-->[androidx.emoji2:emoji2:1.2.0] AndroidManifest.xml:24:9-32:20
102            android:name="androidx.startup.InitializationProvider"
102-->[androidx.emoji2:emoji2:1.2.0] AndroidManifest.xml:25:13-67
103            android:authorities="id.rifqipadisiliwangi.themealidbapp.androidx-startup"
103-->[androidx.emoji2:emoji2:1.2.0] AndroidManifest.xml:26:13-68
104            android:exported="false" >
104-->[androidx.emoji2:emoji2:1.2.0] AndroidManifest.xml:27:13-37
105            <meta-data
105-->[androidx.emoji2:emoji2:1.2.0] AndroidManifest.xml:29:13-31:52
106                android:name="androidx.emoji2.text.EmojiCompatInitializer"
106-->[androidx.emoji2:emoji2:1.2.0] AndroidManifest.xml:30:17-75
107                android:value="androidx.startup" />
107-->[androidx.emoji2:emoji2:1.2.0] AndroidManifest.xml:31:17-49
108            <meta-data
108-->[androidx.lifecycle:lifecycle-process:2.6.2] AndroidManifest.xml:29:13-31:52
109                android:name="androidx.lifecycle.ProcessLifecycleInitializer"
109-->[androidx.lifecycle:lifecycle-process:2.6.2] AndroidManifest.xml:30:17-78
110                android:value="androidx.startup" />
110-->[androidx.lifecycle:lifecycle-process:2.6.2] AndroidManifest.xml:31:17-49
111            <meta-data
111-->[androidx.profileinstaller:profileinstaller:1.3.1] AndroidManifest.xml:29:13-31:52
112                android:name="androidx.profileinstaller.ProfileInstallerInitializer"
112-->[androidx.profileinstaller:profileinstaller:1.3.1] AndroidManifest.xml:30:17-85
113                android:value="androidx.startup" />
113-->[androidx.profileinstaller:profileinstaller:1.3.1] AndroidManifest.xml:31:17-49
114        </provider>
115
116        <uses-library
116-->[androidx.window:window:1.0.0] AndroidManifest.xml:25:9-27:40
117            android:name="androidx.window.extensions"
117-->[androidx.window:window:1.0.0] AndroidManifest.xml:26:13-54
118            android:required="false" />
118-->[androidx.window:window:1.0.0] AndroidManifest.xml:27:13-37
119        <uses-library
119-->[androidx.window:window:1.0.0] AndroidManifest.xml:28:9-30:40
120            android:name="androidx.window.sidecar"
120-->[androidx.window:window:1.0.0] AndroidManifest.xml:29:13-51
121            android:required="false" />
121-->[androidx.window:window:1.0.0] AndroidManifest.xml:30:13-37
122
123        <service
123-->[androidx.room:room-runtime:2.5.2] AndroidManifest.xml:24:9-28:63
124            android:name="androidx.room.MultiInstanceInvalidationService"
124-->[androidx.room:room-runtime:2.5.2] AndroidManifest.xml:25:13-74
125            android:directBootAware="true"
125-->[androidx.room:room-runtime:2.5.2] AndroidManifest.xml:26:13-43
126            android:exported="false" />
126-->[androidx.room:room-runtime:2.5.2] AndroidManifest.xml:27:13-37
127
128        <receiver
128-->[androidx.profileinstaller:profileinstaller:1.3.1] AndroidManifest.xml:34:9-52:20
129            android:name="androidx.profileinstaller.ProfileInstallReceiver"
129-->[androidx.profileinstaller:profileinstaller:1.3.1] AndroidManifest.xml:35:13-76
130            android:directBootAware="false"
130-->[androidx.profileinstaller:profileinstaller:1.3.1] AndroidManifest.xml:36:13-44
131            android:enabled="true"
131-->[androidx.profileinstaller:profileinstaller:1.3.1] AndroidManifest.xml:37:13-35
132            android:exported="true"
132-->[androidx.profileinstaller:profileinstaller:1.3.1] AndroidManifest.xml:38:13-36
133            android:permission="android.permission.DUMP" >
133-->[androidx.profileinstaller:profileinstaller:1.3.1] AndroidManifest.xml:39:13-57
134            <intent-filter>
134-->[androidx.profileinstaller:profileinstaller:1.3.1] AndroidManifest.xml:40:13-42:29
135                <action android:name="androidx.profileinstaller.action.INSTALL_PROFILE" />
135-->[androidx.profileinstaller:profileinstaller:1.3.1] AndroidManifest.xml:41:17-91
135-->[androidx.profileinstaller:profileinstaller:1.3.1] AndroidManifest.xml:41:25-88
136            </intent-filter>
137            <intent-filter>
137-->[androidx.profileinstaller:profileinstaller:1.3.1] AndroidManifest.xml:43:13-45:29
138                <action android:name="androidx.profileinstaller.action.SKIP_FILE" />
138-->[androidx.profileinstaller:profileinstaller:1.3.1] AndroidManifest.xml:44:17-85
138-->[androidx.profileinstaller:profileinstaller:1.3.1] AndroidManifest.xml:44:25-82
139            </intent-filter>
140            <intent-filter>
140-->[androidx.profileinstaller:profileinstaller:1.3.1] AndroidManifest.xml:46:13-48:29
141                <action android:name="androidx.profileinstaller.action.SAVE_PROFILE" />
141-->[androidx.profileinstaller:profileinstaller:1.3.1] AndroidManifest.xml:47:17-88
141-->[androidx.profileinstaller:profileinstaller:1.3.1] AndroidManifest.xml:47:25-85
142            </intent-filter>
143            <intent-filter>
143-->[androidx.profileinstaller:profileinstaller:1.3.1] AndroidManifest.xml:49:13-51:29
144                <action android:name="androidx.profileinstaller.action.BENCHMARK_OPERATION" />
144-->[androidx.profileinstaller:profileinstaller:1.3.1] AndroidManifest.xml:50:17-95
144-->[androidx.profileinstaller:profileinstaller:1.3.1] AndroidManifest.xml:50:25-92
145            </intent-filter>
146        </receiver>
147    </application>
148
149</manifest>